<?xml version="1.0" encoding="UTF-8"?>
<!-- Generated by org.testng.reporters.JUnitReportReporter -->
<testsuite hostname="Akhil-PC" failures="0" tests="2" name="test.script.ManageContactTest" time="8.364" errors="0" timestamp="2024-12-06T12:13:19 IST" skipped="0">
  <testcase classname="test.script.ManageContactTest" name="verifyIfUpdatebuttonIsPresentInManageContactPage" time="3.647"/>
  <testcase classname="test.script.ManageContactTest" name="VerifyIfUserIsAbleToUpdateContact" time="4.717"/>
</testsuite> <!-- test.script.ManageContactTest -->
