<?xml version="1.0" encoding="UTF-8"?>
<!-- Generated by org.testng.reporters.JUnitReportReporter -->
<testsuite hostname="Akhil-PC" failures="0" tests="1" name="test.script.AdminuserTest" time="4.311" errors="0" timestamp="2024-11-16T14:04:31 ICT" skipped="0">
  <testcase classname="test.script.AdminuserTest" name="updateAllFields" time="4.311"/>
</testsuite> <!-- test.script.AdminuserTest -->
