<?xml version="1.0" encoding="UTF-8"?>
<!-- Generated by org.testng.reporters.JUnitReportReporter -->
<testsuite hostname="Akhil-PC" failures="0" tests="1" name="test.script.ManageNewsTest" time="6.574" errors="0" timestamp="2024-11-29T14:12:34 IST" skipped="0">
  <testcase classname="test.script.ManageNewsTest" name="createNews" time="6.574"/>
</testsuite> <!-- test.script.ManageNewsTest -->
