<?xml version="1.0" encoding="UTF-8"?>
<!-- Generated by org.testng.reporters.JUnitReportReporter -->
<testsuite hostname="Akhil-PC" failures="0" tests="1" name="test.script.ManageNewsTest" time="4.537" errors="0" timestamp="2024-12-06T12:12:55 IST" skipped="0">
  <testcase classname="test.script.ManageNewsTest" name="verifyIfUserIsAbleToCreateNews" time="4.537"/>
</testsuite> <!-- test.script.ManageNewsTest -->
