<?xml version="1.0" encoding="UTF-8"?>
<!-- Generated by org.testng.reporters.JUnitReportReporter -->
<testsuite hostname="Akhil-PC" failures="0" tests="2" name="test.script.ManageFooterTest" time="10.126" errors="0" timestamp="2024-11-30T15:13:20 IST" skipped="0">
  <testcase classname="test.script.ManageFooterTest" name="updateFooter" time="4.652"/>
  <testcase classname="test.script.ManageFooterTest" name="checkPresenceOfUpdatebuttonInManageFooter" time="5.474"/>
</testsuite> <!-- test.script.ManageFooterTest -->
