<?xml version="1.0" encoding="UTF-8"?>
<!-- Generated by org.testng.reporters.JUnitReportReporter -->
<testsuite hostname="Akhil-PC" failures="0" tests="2" name="test.script.LoginTest" time="7.974" errors="0" timestamp="2024-11-22T11:58:18 IST" skipped="0">
  <testcase classname="test.script.LoginTest" name="verifyTheUserIsAbleToLoginUsingValidCredentials" time="3.581"/>
  <testcase classname="test.script.LoginTest" name="verifyTheUserIsAbleToLoginUsingValidUsernameAndIncorrectPassword" time="4.393"/>
</testsuite> <!-- test.script.LoginTest -->
