<?xml version="1.0" encoding="UTF-8"?>
<!-- Generated by org.testng.reporters.JUnitReportReporter -->
<testsuite hostname="Akhil-PC" failures="0" tests="1" name="test.script.AdminuserTest" time="5.357" errors="0" timestamp="2024-11-19T11:45:23 IST" skipped="0">
  <testcase classname="test.script.AdminuserTest" name="updateAllFields" time="5.357"/>
</testsuite> <!-- test.script.AdminuserTest -->
