<?xml version="1.0" encoding="UTF-8"?>
<!-- Generated by org.testng.reporters.JUnitReportReporter -->
<testsuite hostname="Akhil-PC" failures="0" tests="1" name="test.script.AdminuserTest" time="6.506" errors="0" timestamp="2024-11-16T13:59:49 ICT" skipped="0">
  <testcase classname="test.script.AdminuserTest" name="updateAllFields" time="6.506"/>
</testsuite> <!-- test.script.AdminuserTest -->
