<?xml version="1.0" encoding="UTF-8"?>
<!-- Generated by org.testng.reporters.JUnitReportReporter -->
<testsuite hostname="Akhil-PC" failures="0" tests="1" name="test.script.HomeTest" time="5.613" errors="0" timestamp="2024-12-06T10:01:36 IST" skipped="0">
  <testcase classname="test.script.HomeTest" name="verifyIfUserIsAbleToLogout" time="5.613"/>
</testsuite> <!-- test.script.HomeTest -->
