<?xml version="1.0" encoding="UTF-8"?>
<!-- Generated by org.testng.reporters.JUnitReportReporter -->
<testsuite hostname="Akhil-PC" failures="0" tests="1" name="test.script.AdminuserTest" time="7.364" errors="0" timestamp="2024-11-29T14:11:12 IST" skipped="0">
  <testcase classname="test.script.AdminuserTest" name="updateAllFields" time="7.364"/>
</testsuite> <!-- test.script.AdminuserTest -->
