<?xml version="1.0" encoding="UTF-8"?>
<!-- Generated by org.testng.reporters.JUnitReportReporter -->
<testsuite hostname="Akhil-PC" failures="0" tests="1" name="test.script.Login" time="3.908" errors="0" timestamp="2024-11-12T12:40:34 ICT" skipped="0">
  <testcase classname="test.script.Login" name="loginTest" time="3.908"/>
</testsuite> <!-- test.script.Login -->
