<?xml version="1.0" encoding="UTF-8"?>
<!-- Generated by org.testng.reporters.JUnitReportReporter -->
<testsuite hostname="Akhil-PC" failures="0" tests="2" name="test.script.ManageContactTest" time="12.067" errors="0" timestamp="2024-11-30T14:50:22 IST" skipped="0">
  <testcase classname="test.script.ManageContactTest" name="checkPresenceOfUpdatebuttonInManageContact" time="5.147"/>
  <testcase classname="test.script.ManageContactTest" name="updateContact" time="6.920"/>
</testsuite> <!-- test.script.ManageContactTest -->
