<?xml version="1.0" encoding="UTF-8"?>
<!-- Generated by org.testng.reporters.JUnitReportReporter -->
<testsuite hostname="Akhil-PC" failures="0" tests="2" name="test.script.ManageFooterTest" time="8.553" errors="0" timestamp="2024-12-06T12:13:41 IST" skipped="0">
  <testcase classname="test.script.ManageFooterTest" name="verifyIfUserIsAbleToUpdateFooter" time="3.748"/>
  <testcase classname="test.script.ManageFooterTest" name="verifyIfUpdatebuttonIsPresentInManageFooterPage" time="4.805"/>
</testsuite> <!-- test.script.ManageFooterTest -->
