<?xml version="1.0" encoding="UTF-8"?>
<!-- Generated by org.testng.reporters.JUnitReportReporter -->
<testsuite hostname="Akhil-PC" failures="0" tests="2" name="test.script.ManageContactTest" time="10.542" errors="0" timestamp="2024-11-29T15:12:50 IST" skipped="0">
  <testcase classname="test.script.ManageContactTest" name="checkPresenceOfUpdatebuttonInManageContact" time="4.758"/>
  <testcase classname="test.script.ManageContactTest" name="updateContact" time="5.784"/>
</testsuite> <!-- test.script.ManageContactTest -->
