<?xml version="1.0" encoding="UTF-8"?>
<!-- Generated by org.testng.reporters.JUnitReportReporter -->
<testsuite hostname="Akhil-PC" failures="0" tests="1" name="test.script.ManageProductTest" time="7.692" errors="0" timestamp="2024-12-06T12:14:01 IST" skipped="0">
  <testcase classname="test.script.ManageProductTest" name="verifyIfUserIsAbleToCreateNewProduct" time="7.692"/>
</testsuite> <!-- test.script.ManageProductTest -->
