<?xml version="1.0" encoding="UTF-8"?>
<!-- Generated by org.testng.reporters.JUnitReportReporter -->
<testsuite hostname="Akhil-PC" failures="0" tests="1" name="test.script.ManageProductTest" time="7.866" errors="0" timestamp="2024-11-29T14:12:56 IST" skipped="0">
  <testcase classname="test.script.ManageProductTest" name="createNewProduct" time="7.866"/>
</testsuite> <!-- test.script.ManageProductTest -->
