<?xml version="1.0" encoding="UTF-8"?>
<!-- Generated by org.testng.reporters.JUnitReportReporter -->
<testsuite hostname="Akhil-PC" failures="0" tests="2" name="test.script.SubcategoryTest" time="8.688" errors="0" timestamp="2024-12-06T12:14:27 IST" skipped="0">
  <testcase classname="test.script.SubcategoryTest" name="VerifyIfUserIsNotAbleToCreateExistingSubcategory" time="4.263"/>
  <testcase classname="test.script.SubcategoryTest" name="verifyIfUserIsAbleToCreateSubcategory" time="4.425"/>
</testsuite> <!-- test.script.SubcategoryTest -->
