<?xml version="1.0" encoding="UTF-8"?>
<!-- Generated by org.testng.reporters.JUnitReportReporter -->
<testsuite hostname="Akhil-PC" failures="0" tests="2" name="test.script.SubcategoryTest" time="11.379" errors="0" timestamp="2024-11-29T14:20:37 IST" skipped="0">
  <testcase classname="test.script.SubcategoryTest" name="createExistingSubcategory" time="5.634"/>
  <testcase classname="test.script.SubcategoryTest" name="createSubcategory" time="5.745"/>
</testsuite> <!-- test.script.SubcategoryTest -->
