<?xml version="1.0" encoding="UTF-8"?>
<!-- Generated by org.testng.reporters.JUnitReportReporter -->
<testsuite hostname="Akhil-PC" failures="0" tests="1" name="test.script.AdminuserTest" time="5.074" errors="0" timestamp="2024-12-06T12:16:59 IST" skipped="0">
  <testcase classname="test.script.AdminuserTest" name="verifyIfUserIsAbleToUpdateAllFields" time="5.074"/>
</testsuite> <!-- test.script.AdminuserTest -->
