<?xml version="1.0" encoding="UTF-8"?>
<!-- Generated by org.testng.reporters.JUnitReportReporter -->
<testsuite hostname="Akhil-PC" failures="0" tests="1" name="test.script.LoginTest" time="4.058" errors="0" timestamp="2024-11-14T09:58:00 IST" skipped="0">
  <testcase classname="test.script.LoginTest" name="verifyTheUserIsAbleToLoginUsingValidCredentials" time="4.058"/>
</testsuite> <!-- test.script.LoginTest -->
