<?xml version="1.0" encoding="UTF-8"?>
<!-- Generated by org.testng.reporters.JUnitReportReporter -->
<testsuite hostname="Akhil-PC" failures="0" tests="1" name="test.script.ManageNewsTest" time="6.930" errors="0" timestamp="2024-11-24T14:35:00 IST" skipped="0">
  <testcase classname="test.script.ManageNewsTest" name="createNews" time="6.930"/>
</testsuite> <!-- test.script.ManageNewsTest -->
