<?xml version="1.0" encoding="UTF-8"?>
<!-- Generated by org.testng.reporters.JUnitReportReporter -->
<testsuite hostname="Akhil-PC" failures="0" tests="4" name="test.script.LoginTest" time="11.731" errors="0" timestamp="2024-12-03T11:21:31 IST" skipped="0">
  <testcase classname="test.script.LoginTest" name="verifyTheUserIsAbleToLoginUsingIncorrectUsernameAndValidPassword" time="3.063"/>
  <testcase classname="test.script.LoginTest" name="verifyTheUserIsAbleToLoginUsingValidCredentials" time="2.970"/>
  <testcase classname="test.script.LoginTest" name="verifyTheUserIsAbleToLoginUsingIncorrectCredentials" time="3.002"/>
  <testcase classname="test.script.LoginTest" name="verifyTheUserIsAbleToLoginUsingValidUsernameAndIncorrectPassword" time="2.696"/>
</testsuite> <!-- test.script.LoginTest -->
